[2024-11-17 09:50:40] [INFO] [#14656] BrainAccess Core initialized.
[2024-11-17 09:50:40] [INFO] [#14656] CONFIG: logging_enabled: true
[2024-11-17 09:50:40] [INFO] [#14656] CONFIG: log_level: INFO
[2024-11-17 09:50:40] [INFO] [#14656] CONFIG: append_logs: false
[2024-11-17 09:50:40] [INFO] [#14656] CONFIG: timestamps_enabled: true
[2024-11-17 09:50:40] [INFO] [#14656] CONFIG: thread_ids_enabled: true
[2024-11-17 09:50:40] [INFO] [#14656] CONFIG: autoflush: true
[2024-11-17 09:50:40] [INFO] [#14656] CONFIG: log_buffer_size: 512
[2024-11-17 09:50:40] [INFO] [#14656] CONFIG: chunk_size: 25
[2024-11-17 09:50:40] [INFO] [#14656] [eeg_manager] (000002D7288D7CD0): Created manager
[2024-11-17 09:50:40] [INFO] [#14656] Bluetooth is enabled
[2024-11-17 09:50:40] [INFO] [#14656] Bluetooth adapter found
[2024-11-17 09:50:45] [INFO] [#14656] [eeg_manager] (000002D7288D7CD0): Connecting to BA HALO 041
[2024-11-17 09:50:48] [INFO] [#14656] [eeg_manager] (000002D7288D7CD0): Device: id{05}, hw{2.0.0}, fw{3.4.0}, sn{41}, samples per packet{}, compatible
[2024-11-17 09:50:48] [INFO] [#14656] [eeg_manager] (000002D7288D7CD0): Device initialized
[2024-11-17 09:50:48] [INFO] [#14656] [eeg_manager] (000002D7288D7CD0): Connected
[2024-11-17 09:50:48] [INFO] [#14656] [eeg_manager] (000002D7288D7CD0): MTU size: 509
[2024-11-17 09:50:48] [INFO] [#14656] [eeg_manager] (000002D7288D7CD0): Connected
[2024-11-17 09:50:48] [INFO] [#14656] [eeg_manager] (000002D7288D7CD0): MTU size: 509
[2024-11-17 09:50:48] [INFO] [#14656] [eeg_manager] (000002D7288D7CD0): Joining stream...
[2024-11-17 09:50:48] [INFO] [#14656] [eeg_manager] (000002D7288D7CD0): Joined stream
[2024-11-17 09:50:48] [INFO] [#14656] [eeg_manager] (000002D7288D7CD0): Stream started
[2024-11-17 09:50:48] [INFO] [#14656] [eeg_manager] (000002D7288D7CD0): Future callback done
[2024-11-17 09:50:58] [INFO] [#4580] [eeg_manager] (000002D7288D7CD0): battery level dropped: 86
